<?xml version="1.0" encoding="UTF-8"?>
<testsuite xmlns:xsi="http://www.w3.org/2001/XMLSchema-instance" xsi:noNamespaceSchemaLocation="https://maven.apache.org/surefire/maven-surefire-plugin/xsd/surefire-test-report-3.0.xsd" version="3.0" name="com.erp.EZOfficeInventory.EzOfficeInventoryApplicationTests" time="19.041" tests="1" errors="0" skipped="0" failures="0">
  <properties>
[...]
</properties>
  <testcase name="contextLoads" classname="com.erp.EZOfficeInventory.EzOfficeInventoryApplicationTests" time="4.001">
    <system-out><![CDATA[23:49:42.294 [main] INFO org.springframework.test.context.support.AnnotationConfigContextLoaderUtils -- Could not detect default configuration classes for test class [com.erp.EZOfficeInventory.EzOfficeInventoryApplicationTests]: EzOfficeInventoryApplicationTests does not declare any static, non-private, non-final, nested classes annotated with @Configuration.
23:49:42.977 [main] INFO org.springframework.boot.test.context.SpringBootTestContextBootstrapper -- Found @SpringBootConfiguration com.erp.ezofficeinventory.EzOfficeInventoryApplication for test class com.erp.EZOfficeInventory.EzOfficeInventoryApplicationTests

  .   ____          _            __ _ _
 /\\ / ___'_ __ _ _(_)_ __  __ _ \ \ \ \
( ( )\___ | '_ | '_| | '_ \/ _` | \ \ \ \
 \\/  ___)| |_)| | | | | || (_| |  ) ) ) )
  '  |____| .__|_| |_|_| |_\__, | / / / /
 =========|_|==============|___/=/_/_/_/
 :: Spring Boot ::                (v3.2.2)

2024-07-05T23:49:45.060-07:00  INFO 11444 --- [           main] c.e.E.EzOfficeInventoryApplicationTests  : Starting EzOfficeInventoryApplicationTests using Java 17.0.10 with PID 11444 (started by asus in C:\WorkingDir\Data\Coding\EZOfficeInventory\EZOfficeInventory)
2024-07-05T23:49:45.072-07:00  INFO 11444 --- [           main] c.e.E.EzOfficeInventoryApplicationTests  : No active profile set, falling back to 1 default profile: "default"
2024-07-05T23:49:56.357-07:00  INFO 11444 --- [           main] c.e.E.EzOfficeInventoryApplicationTests  : Started EzOfficeInventoryApplicationTests in 12.68 seconds (process running for 17.41)
]]></system-out>
  </testcase>
</testsuite>